3
---+-++-
[-3, 1, -1, 2, -1]
Case #1: 3
4
+++++
[5]
Case #2: 0
4
-+-+-
[-1, 1, -1, 1, -1]
Case #3: IMPOSSIBLE
6
------
[-6]
Case #4: 1
2
+---
[1, -3]
Case #5: IMPOSSIBLE
2
++-
[2, -1]
Case #6: IMPOSSIBLE
3
+-+
[1, -1, 1]
Case #7: IMPOSSIBLE
7
++++++++
[8]
Case #8: 0
8
+--------
[1, -8]
Case #9: 1
2
+-+-+-+-+-
[1, -1, 1, -1, 1, -1, 1, -1, 1, -1]
Case #10: IMPOSSIBLE
5
---++---
[-3, 2, -3]
Case #11: 2
3
++++
[4]
Case #12: 0
5
-++++-
[-1, 4, -1]
Case #13: 2
2
+-+-
[1, -1, 1, -1]
Case #14: 4
10
-++++++++-
[-1, 8, -1]
Case #15: IMPOSSIBLE
3
+-+-+----
[1, -1, 1, -1, 1, -4]
Case #16: IMPOSSIBLE
3
---+
[-3, 1]
Case #17: 1
3
--+-
[-2, 1, -1]
Case #18: IMPOSSIBLE
2
-+-+-
[-1, 1, -1, 1, -1]
Case #19: IMPOSSIBLE
6
------++
[-6, 2]
Case #20: 1
2
-+++++++++
[-1, 9]
Case #21: IMPOSSIBLE
2
----
[-4]
Case #22: 2
9
-++++++++-
[-1, 8, -1]
Case #23: 2
2
-+-
[-1, 1, -1]
Case #24: 2
2
+--+
[1, -2, 1]
Case #25: 1
3
-+++
[-1, 3]
Case #26: IMPOSSIBLE
3
---
[-3]
Case #27: 1
3
+--+
[1, -2, 1]
Case #28: IMPOSSIBLE
3
+++-
[3, -1]
Case #29: IMPOSSIBLE
4
----++
[-4, 2]
Case #30: 1
10
++++++++++
[10]
Case #31: 0
2
-+
[-1, 1]
Case #32: IMPOSSIBLE
3
--+
[-2, 1]
Case #33: IMPOSSIBLE
2
-+++++++--
[-1, 7, -2]
Case #34: IMPOSSIBLE
3
+-+-+-+-
[1, -1, 1, -1, 1, -1, 1, -1]
Case #35: IMPOSSIBLE
2
+++-
[3, -1]
Case #36: IMPOSSIBLE
4
--++--+-+
[-2, 2, -2, 1, -1, 1]
Case #37: IMPOSSIBLE
2
-+--
[-1, 1, -2]
Case #38: IMPOSSIBLE
4
+----+-
[1, -4, 1, -1]
Case #39: IMPOSSIBLE
3
++--
[2, -2]
Case #40: IMPOSSIBLE
3
----
[-4]
Case #41: IMPOSSIBLE
2
-+-+-+-+-+
[-1, 1, -1, 1, -1, 1, -1, 1, -1, 1]
Case #42: IMPOSSIBLE
3
-++
[-1, 2]
Case #43: IMPOSSIBLE
3
+++
[3]
Case #44: 0
6
++++----+-
[4, -4, 1, -1]
Case #45: IMPOSSIBLE
3
+--+--+
[1, -2, 1, -2, 1]
Case #46: 4
2
++-+
[2, -1, 1]
Case #47: IMPOSSIBLE
2
+--++-
[1, -2, 2, -1]
Case #48: IMPOSSIBLE
2
-++++++++-
[-1, 8, -1]
Case #49: 9
3
----------
[-10]
Case #50: IMPOSSIBLE
2
+--
[1, -2]
Case #51: 1
7
-------
[-7]
Case #52: 1
2
-++-
[-1, 2, -1]
Case #53: 3
3
+-+-
[1, -1, 1, -1]
Case #54: IMPOSSIBLE
2
++--
[2, -2]
Case #55: 3
3
-+--
[-1, 1, -2]
Case #56: IMPOSSIBLE
4
-+---+--+
[-1, 1, -3, 1, -2, 1]
Case #57: 4
2
+++
[3]
Case #58: 0
3
+--
[1, -2]
Case #59: IMPOSSIBLE
6
-++---+-++
[-1, 2, -3, 1, -1, 2]
Case #60: IMPOSSIBLE
5
----------
[-10]
Case #61: 2
3
+-+-+-+
[1, -1, 1, -1, 1, -1, 1]
Case #62: IMPOSSIBLE
3
-+-
[-1, 1, -1]
Case #63: IMPOSSIBLE
3
---------
[-9]
Case #64: 3
3
+-+-+-+-+-
[1, -1, 1, -1, 1, -1, 1, -1, 1, -1]
Case #65: IMPOSSIBLE
3
++-
[2, -1]
Case #66: IMPOSSIBLE
10
----------
[-10]
Case #67: 1
2
+-++
[1, -1, 2]
Case #68: IMPOSSIBLE
3
+-+-+-+-+
[1, -1, 1, -1, 1, -1, 1, -1, 1]
Case #69: IMPOSSIBLE
3
++---+
[2, -3, 1]
Case #70: 1
2
++
[2]
Case #71: 0
3
+---
[1, -3]
Case #72: 1
3
--++
[-2, 2]
Case #73: IMPOSSIBLE
2
-+-+
[-1, 1, -1, 1]
Case #74: 2
2
---
[-3]
Case #75: IMPOSSIBLE
7
+------++
[1, -6, 2]
Case #76: IMPOSSIBLE
2
++++
[4]
Case #77: 0
2
----------
[-10]
Case #78: 5
4
++----
[2, -4]
Case #79: 1
2
+-+
[1, -1, 1]
Case #80: IMPOSSIBLE
2
--++
[-2, 2]
Case #81: 1
2
-++
[-1, 2]
Case #82: IMPOSSIBLE
2
--+-++---
[-2, 1, -1, 2, -3]
Case #83: IMPOSSIBLE
6
+-++++--
[1, -1, 4, -2]
Case #84: IMPOSSIBLE
5
++++++
[6]
Case #85: 0
2
--+-
[-2, 1, -1]
Case #86: IMPOSSIBLE
2
-+++++++-+
[-1, 7, -1, 1]
Case #87: 10
8
-++++++++-
[-1, 8, -1]
Case #88: IMPOSSIBLE
3
++-+
[2, -1, 1]
Case #89: IMPOSSIBLE
2
+-
[1, -1]
Case #90: IMPOSSIBLE
3
+-++
[1, -1, 2]
Case #91: IMPOSSIBLE
2
-+++
[-1, 3]
Case #92: IMPOSSIBLE
7
+++++++++
[9]
Case #93: 0
2
---+
[-3, 1]
Case #94: IMPOSSIBLE
2
--+
[-2, 1]
Case #95: 1
2
--
[-2]
Case #96: 1
3
-+-+
[-1, 1, -1, 1]
Case #97: IMPOSSIBLE
3
-++-
[-1, 2, -1]
Case #98: 2
7
+-+----++-
[1, -1, 1, -4, 2, -1]
Case #99: IMPOSSIBLE
4
-++--+
[-1, 2, -2, 1]
Case #100: IMPOSSIBLE
