3
---+-++-
[-3, 1, -1, 2, -1]
Case #1: 3
4
+++++
[5]
Case #2: 0
4
-+-+-
[-1, 1, -1, 1, -1]
Case #3: IMPOSSIBLE
3
+++-
[3, -1]
Case #4: IMPOSSIBLE
5
----------
[-10]
Case #5: 2
5
+--+-+----
[1, -2, 1, -1, 1, -4]
Case #6: IMPOSSIBLE
2
-++
[-1, 2]
Case #7: IMPOSSIBLE
2
-+-+-+-+-+
[-1, 1, -1, 1, -1, 1, -1, 1, -1, 1]
Case #8: IMPOSSIBLE
3
-++-
[-1, 2, -1]
Case #9: 2
7
++-++++
[2, -1, 4]
Case #10: IMPOSSIBLE
3
-+-
[-1, 1, -1]
Case #11: IMPOSSIBLE
2
+++-
[3, -1]
Case #12: IMPOSSIBLE
4
--+++-
[-2, 3, -1]
Case #13: IMPOSSIBLE
2
++--+++++
[2, -2, 5]
Case #14: 3
7
----+--+
[-4, 1, -2, 1]
Case #15: IMPOSSIBLE
2
-+++++++-+
[-1, 7, -1, 1]
Case #16: 10
3
++-
[2, -1]
Case #17: IMPOSSIBLE
3
--+-
[-2, 1, -1]
Case #18: IMPOSSIBLE
5
-++--++-
[-1, 2, -2, 2, -1]
Case #19: IMPOSSIBLE
2
+-+-+-+-+-
[1, -1, 1, -1, 1, -1, 1, -1, 1, -1]
Case #20: IMPOSSIBLE
2
-++++++++-
[-1, 8, -1]
Case #21: 9
2
-++-
[-1, 2, -1]
Case #22: 3
3
---+
[-3, 1]
Case #23: 1
2
--++
[-2, 2]
Case #24: 1
9
-++++++++-
[-1, 8, -1]
Case #25: 2
2
-+
[-1, 1]
Case #26: IMPOSSIBLE
3
+++
[3]
Case #27: 0
2
-+-
[-1, 1, -1]
Case #28: 2
2
----------
[-10]
Case #29: 5
6
------
[-6]
Case #30: 1
2
++++
[4]
Case #31: 0
10
-++++++++-
[-1, 8, -1]
Case #32: IMPOSSIBLE
3
+-+-+-+-+-
[1, -1, 1, -1, 1, -1, 1, -1, 1, -1]
Case #33: IMPOSSIBLE
2
+--+-++++
[1, -2, 1, -1, 4]
Case #34: IMPOSSIBLE
2
----
[-4]
Case #35: 2
2
++
[2]
Case #36: 0
3
+-+-+-+-+
[1, -1, 1, -1, 1, -1, 1, -1, 1]
Case #37: IMPOSSIBLE
3
--+
[-2, 1]
Case #38: IMPOSSIBLE
10
----------
[-10]
Case #39: 1
7
------++
[-6, 2]
Case #40: IMPOSSIBLE
2
+-
[1, -1]
Case #41: IMPOSSIBLE
3
+-+
[1, -1, 1]
Case #42: IMPOSSIBLE
2
---+
[-3, 1]
Case #43: IMPOSSIBLE
3
-+--
[-1, 1, -2]
Case #44: IMPOSSIBLE
3
++++-++
[4, -1, 2]
Case #45: IMPOSSIBLE
3
++++
[4]
Case #46: 0
3
----
[-4]
Case #47: IMPOSSIBLE
10
++++++++++
[10]
Case #48: 0
2
+---
[1, -3]
Case #49: IMPOSSIBLE
2
++-+
[2, -1, 1]
Case #50: IMPOSSIBLE
6
------+
[-6, 1]
Case #51: 1
8
--------+
[-8, 1]
Case #52: 1
3
----------
[-10]
Case #53: IMPOSSIBLE
3
-++
[-1, 2]
Case #54: IMPOSSIBLE
8
-++++++++-
[-1, 8, -1]
Case #55: IMPOSSIBLE
3
---
[-3]
Case #56: 1
3
+---+
[1, -3, 1]
Case #57: 1
3
+---
[1, -3]
Case #58: 1
2
+-+-
[1, -1, 1, -1]
Case #59: 4
3
+-+-
[1, -1, 1, -1]
Case #60: IMPOSSIBLE
3
-+-+
[-1, 1, -1, 1]
Case #61: IMPOSSIBLE
2
++--
[2, -2]
Case #62: 3
2
-+++
[-1, 3]
Case #63: IMPOSSIBLE
3
-+++
[-1, 3]
Case #64: IMPOSSIBLE
2
--
[-2]
Case #65: 1
2
-+++++++++
[-1, 9]
Case #66: IMPOSSIBLE
2
+++
[3]
Case #67: 0
8
++--------
[2, -8]
Case #68: 1
6
------+++
[-6, 3]
Case #69: 1
5
+-----
[1, -5]
Case #70: 1
2
--+
[-2, 1]
Case #71: 1
3
++-+
[2, -1, 1]
Case #72: IMPOSSIBLE
2
+-+
[1, -1, 1]
Case #73: IMPOSSIBLE
10
-------+--
[-7, 1, -2]
Case #74: IMPOSSIBLE
2
+--+
[1, -2, 1]
Case #75: 1
5
+++++
[5]
Case #76: 0
2
+++++-+-+
[5, -1, 1, -1, 1]
Case #77: 8
3
--++
[-2, 2]
Case #78: IMPOSSIBLE
2
+-++
[1, -1, 2]
Case #79: IMPOSSIBLE
3
+-+-+-+-
[1, -1, 1, -1, 1, -1, 1, -1]
Case #80: IMPOSSIBLE
2
+--
[1, -2]
Case #81: 1
3
+--
[1, -2]
Case #82: IMPOSSIBLE
2
-+++++++--
[-1, 7, -2]
Case #83: IMPOSSIBLE
3
+-+-+-+
[1, -1, 1, -1, 1, -1, 1]
Case #84: IMPOSSIBLE
9
++++++++++
[10]
Case #85: 0
3
++--
[2, -2]
Case #86: IMPOSSIBLE
3
+--+-
[1, -2, 1, -1]
Case #87: IMPOSSIBLE
2
++-
[2, -1]
Case #88: IMPOSSIBLE
2
--+-
[-2, 1, -1]
Case #89: IMPOSSIBLE
3
+++++++
[7]
Case #90: 0
5
-++++-
[-1, 4, -1]
Case #91: 2
2
-+--
[-1, 1, -2]
Case #92: IMPOSSIBLE
3
---------
[-9]
Case #93: 3
2
++--+
[2, -2, 1]
Case #94: 3
4
+++++----
[5, -4]
Case #95: 1
2
-+-+
[-1, 1, -1, 1]
Case #96: 2
3
+--+
[1, -2, 1]
Case #97: IMPOSSIBLE
3
+-++
[1, -1, 2]
Case #98: IMPOSSIBLE
2
---
[-3]
Case #99: IMPOSSIBLE
6
+------
[1, -6]
Case #100: 1
